{
  "RSpec": {
    "coverage": {
      "/home/alexhulteng/tic-tac-toe-rb-online-web-sp-000/lib/tic_tac_toe.rb": [
        null,
        1,
        null,
        null,
        null,
        null,
        null,
        null,
        null,
        null,
        null,
        1,
        27,
        27,
        27,
        27,
        27,
        null,
        null,
        1,
        18656,
        null,
        null,
        1,
        25,
        null,
        null,
        1,
        18804,
        null,
        null,
        1,
        18656,
        null,
        null,
        1,
        null,
        31,
        31,
        279,
        49,
        null,
        null,
        31,
        null,
        null,
        null,
        1,
        23,
        16,
        7,
        7,
        null,
        null,
        null,
        1,
        18659,
        18657,
        18653,
        18653,
        22,
        22,
        null,
        18631,
        null,
        null,
        null,
        1,
        63,
        449,
        null,
        null,
        null,
        null,
        null,
        1,
        133,
        null,
        null,
        1,
        5,
        null,
        null,
        null,
        1,
        24,
        24,
        8,
        16,
        1,
        null,
        null,
        null,
        1,
        39,
        8,
        null,
        null,
        null,
        1,
        12,
        12,
        null,
        null,
        null,
        28,
        20,
        null,
        null,
        null
      ]
    },
    "timestamp": 1596580322
  }
}
