{
  "RSpec": {
    "coverage": {
      "/home/alexhulteng/tic-tac-toe-rb-online-web-sp-000/lib/tic_tac_toe.rb": [
        null,
        1,
        null,
        null,
        null,
        null,
        null,
        null,
        null,
        null,
        null,
        1,
        26,
        26,
        26,
        26,
        26,
        null,
        null,
        1,
        9340,
        null,
        null,
        1,
        24,
        null,
        null,
        1,
        9570,
        null,
        null,
        1,
        9340,
        null,
        null,
        1,
        null,
        30,
        30,
        270,
        47,
        null,
        null,
        30,
        null,
        null,
        null,
        1,
        22,
        15,
        7,
        7,
        null,
        null,
        null,
        1,
        9338,
        9337,
        9337,
        9337,
        21,
        21,
        null,
        9316,
        null,
        null,
        null,
        1,
        63,
        475,
        null,
        null,
        null,
        null,
        null,
        1,
        133,
        null,
        null,
        1,
        5,
        null,
        null,
        1,
        23,
        null,
        null,
        1,
        39,
        2,
        null,
        null,
        null,
        1,
        12,
        12,
        null,
        20,
        2,
        18,
        0,
        null,
        null,
        20,
        19,
        null,
        null,
        null
      ]
    },
    "timestamp": 1596580113
  }
}
